<?xml version="1.0" encoding="UTF-8"?>
<testng-results ignored="0" total="1" passed="1" failed="0" skipped="0">
  <reporter-output>
    <line>
      <![CDATA[Successfully validated the first URL]]>
    </line>
  </reporter-output>
  <suite started-at="2024-09-19T15:45:11 COT" name="Default suite" finished-at="2024-09-19T15:45:13 COT" duration-ms="2625">
    <groups>
    </groups>
    <test started-at="2024-09-19T15:45:11 COT" name="Default test" finished-at="2024-09-19T15:45:13 COT" duration-ms="2625">
      <class name="com.unosquare.FirstapiTest">
        <test-method signature="validateFirstUrl()[pri:0, instance:com.unosquare.FirstapiTest@3e92efc3]" started-at="2024-09-19T15:45:11 COT" name="validateFirstUrl" finished-at="2024-09-19T15:45:13 COT" duration-ms="2581" status="PASS">
          <reporter-output>
            <line>
              <![CDATA[Successfully validated the first URL]]>
            </line>
          </reporter-output>
        </test-method> <!-- validateFirstUrl -->
      </class> <!-- com.unosquare.FirstapiTest -->
    </test> <!-- Default test -->
  </suite> <!-- Default suite -->
</testng-results>
